<?xml version="1.0" encoding="UTF-8"?>
<testsuite xmlns:xsi="http://www.w3.org/2001/XMLSchema-instance" xsi:noNamespaceSchemaLocation="https://maven.apache.org/surefire/maven-surefire-plugin/xsd/surefire-test-report-3.0.xsd" version="3.0" name="MaslyakBank_Core.integration.TokenServiceTest" time="4.355" tests="5" errors="0" skipped="0" failures="0">
  <properties>
[...]
</properties>
  <testcase name="refreshOrLogout_replaceRes" classname="MaslyakBank_Core.integration.TokenServiceTest" time="0.679">
    <system-out><![CDATA[21:39:42.973 [main] INFO org.springframework.test.context.support.AnnotationConfigContextLoaderUtils -- Could not detect default configuration classes for test class [MaslyakBank_Core.integration.TokenServiceTest]: TokenServiceTest does not declare any static, non-private, non-final, nested classes annotated with @Configuration.
21:39:43.022 [main] INFO org.springframework.boot.test.context.SpringBootTestContextBootstrapper -- Found @SpringBootConfiguration MaslyakBank_Core.MaslyakBankTokenApplication for test class MaslyakBank_Core.integration.TokenServiceTest
21:39:43.092 [main] INFO org.springframework.boot.devtools.restart.RestartApplicationListener -- Restart disabled due to context in which it is running

  .   ____          _            __ _ _
 /\\ / ___'_ __ _ _(_)_ __  __ _ \ \ \ \
( ( )\___ | '_ | '_| | '_ \/ _` | \ \ \ \
 \\/  ___)| |_)| | | | | || (_| |  ) ) ) )
  '  |____| .__|_| |_|_| |_\__, | / / / /
 =========|_|==============|___/=/_/_/_/

 :: Spring Boot ::                (v3.4.5)

2025-11-13T21:39:43.241+02:00  INFO 8037 --- [           main] M.integration.TokenServiceTest           : Starting TokenServiceTest using Java 21.0.7 with PID 8037 (started by maslyak in /Users/maslyak/IdeaProjects/MaslyakBank_Mono1/MaslyakBank_Token)
2025-11-13T21:39:43.242+02:00  INFO 8037 --- [           main] M.integration.TokenServiceTest           : The following 1 profile is active: "test"
2025-11-13T21:39:43.552+02:00  INFO 8037 --- [           main] .s.d.r.c.RepositoryConfigurationDelegate : Multiple Spring Data modules found, entering strict repository configuration mode
2025-11-13T21:39:43.552+02:00  INFO 8037 --- [           main] .s.d.r.c.RepositoryConfigurationDelegate : Bootstrapping Spring Data JPA repositories in DEFAULT mode.
2025-11-13T21:39:43.564+02:00  INFO 8037 --- [           main] .s.d.r.c.RepositoryConfigurationDelegate : Finished Spring Data repository scanning in 7 ms. Found 0 JPA repository interfaces.
2025-11-13T21:39:43.573+02:00  INFO 8037 --- [           main] .s.d.r.c.RepositoryConfigurationDelegate : Multiple Spring Data modules found, entering strict repository configuration mode
2025-11-13T21:39:43.574+02:00  INFO 8037 --- [           main] .s.d.r.c.RepositoryConfigurationDelegate : Bootstrapping Spring Data Redis repositories in DEFAULT mode.
2025-11-13T21:39:43.579+02:00  INFO 8037 --- [           main] .s.d.r.c.RepositoryConfigurationDelegate : Finished Spring Data repository scanning in 0 ms. Found 0 Redis repository interfaces.
2025-11-13T21:39:43.797+02:00  INFO 8037 --- [           main] o.hibernate.jpa.internal.util.LogHelper  : HHH000204: Processing PersistenceUnitInfo [name: default]
2025-11-13T21:39:43.828+02:00  INFO 8037 --- [           main] org.hibernate.Version                    : HHH000412: Hibernate ORM core version 6.4.4.Final
2025-11-13T21:39:43.845+02:00  INFO 8037 --- [           main] o.h.c.internal.RegionFactoryInitiator    : HHH000026: Second-level cache disabled
2025-11-13T21:39:43.888+02:00  INFO 8037 --- [           main] o.h.e.boot.internal.EnversServiceImpl    : Envers integration enabled? : true
2025-11-13T21:39:43.927+02:00  INFO 8037 --- [           main] o.s.o.j.p.SpringPersistenceUnitInfo      : No LoadTimeWeaver setup: ignoring JPA class transformer
2025-11-13T21:39:44.095+02:00  WARN 8037 --- [           main] org.hibernate.orm.deprecation            : HHH90000025: H2Dialect does not need to be specified explicitly using 'hibernate.dialect' (remove the property setting and it will be selected by default)
2025-11-13T21:39:44.503+02:00  INFO 8037 --- [           main] o.h.e.t.j.p.i.JtaPlatformInitiator       : HHH000489: No JTA platform available (set 'hibernate.transaction.jta.platform' to enable JTA platform integration)
Hibernate: drop table if exists accounts cascade 
Hibernate: drop table if exists cards cascade 
Hibernate: drop table if exists refresh_token cascade 
Hibernate: drop table if exists user_token cascade 
Hibernate: drop table if exists users cascade 
Hibernate: create table accounts (balance float(53), currency varchar(3) not null check (currency in ('UAH','USD','EUR')), is_blocked boolean not null, created_at timestamp(6) not null, updated_at timestamp(6) not null, id uuid not null, user_id uuid not null, account_number varchar(29) not null unique, status varchar(255) not null check (status in ('OPENED','CURRENT','DISABLED')), primary key (id))
Hibernate: create table cards (card_type tinyint not null check (card_type between 0 and 1), cvv varchar(3) not null, expiry_date date not null, is_blocked boolean not null, is_expired boolean not null, created_at timestamp(6) not null, updated_at timestamp(6) not null, account_id uuid not null, id uuid not null, card_number varchar(19) not null unique, primary key (id))
Hibernate: create table refresh_token (revoked boolean, created_at timestamp(6), expired_at timestamp(6), updated_at timestamp(6), id uuid not null, user_token_id uuid not null unique, token varchar(255) not null unique, primary key (id))
Hibernate: create table user_token (is_expired boolean, is_valid boolean, created_at timestamp(6), updated_at timestamp(6), id uuid not null, user_id uuid not null, status varchar(255) check (status in ('ACTIVE','BLOCKED','EXPIRED')), token varchar(255) not null, primary key (id))
Hibernate: create table users (created_at timestamp(6), updated_at timestamp(6), id uuid not null, phone_number varchar(20), email varchar(255), login varchar(255), password varchar(255), password_salt varchar(255), role varchar(255) check (role in ('USER','ADMIN','SUPER_ADMIN')), status varchar(255) check (status in ('REGISTERED','PARTIALLY_COMPLETED','COMPLETED','BLOCKED','DELETED')), primary key (id))
Hibernate: alter table if exists accounts add constraint FKnjuop33mo69pd79ctplkck40n foreign key (user_id) references users
Hibernate: alter table if exists cards add constraint FKdjw7dinkpc0f01yk4m57uq2u2 foreign key (account_id) references accounts
Hibernate: alter table if exists refresh_token add constraint FKoyms15idvn7lycr08dgfh48jj foreign key (user_token_id) references user_token
Hibernate: alter table if exists user_token add constraint FKfadr8tg4d19axmfe9fltvrmqt foreign key (user_id) references users
2025-11-13T21:39:44.535+02:00  INFO 8037 --- [           main] j.LocalContainerEntityManagerFactoryBean : Initialized JPA EntityManagerFactory for persistence unit 'default'
2025-11-13T21:39:44.703+02:00  INFO 8037 --- [           main] eAuthenticationProviderManagerConfigurer : Global AuthenticationManager configured with AuthenticationProvider bean with name authenticationProvider
2025-11-13T21:39:44.703+02:00  WARN 8037 --- [           main] r$InitializeUserDetailsManagerConfigurer : Global AuthenticationManager configured with an AuthenticationProvider bean. UserDetailsService beans will not be used by Spring Security for automatically configuring username/password login. Consider removing the AuthenticationProvider bean. Alternatively, consider using the UserDetailsService in a manually instantiated DaoAuthenticationProvider. If the current configuration is intentional, to turn off this warning, increase the logging level of 'org.springframework.security.config.annotation.authentication.configuration.InitializeUserDetailsBeanManagerConfigurer' to ERROR
2025-11-13T21:39:44.720+02:00  WARN 8037 --- [           main] JpaBaseConfiguration$JpaWebConfiguration : spring.jpa.open-in-view is enabled by default. Therefore, database queries may be performed during view rendering. Explicitly configure spring.jpa.open-in-view to disable this warning
2025-11-13T21:39:45.020+02:00  INFO 8037 --- [           main] M.integration.TokenServiceTest           : Started TokenServiceTest in 1.933 seconds (process running for 3.391)
Hibernate: drop table if exists accounts cascade 
Hibernate: drop table if exists cards cascade 
Hibernate: drop table if exists refresh_token cascade 
Hibernate: drop table if exists user_token cascade 
Hibernate: drop table if exists users cascade 
2025-11-13T21:39:45.146+02:00  INFO 8037 --- [           main] j.LocalContainerEntityManagerFactoryBean : Closing JPA EntityManagerFactory for persistence unit 'default'
2025-11-13T21:39:45.148+02:00  INFO 8037 --- [           main] o.s.b.d.r.RestartApplicationListener     : Restart disabled due to context in which it is running

  .   ____          _            __ _ _
 /\\ / ___'_ __ _ _(_)_ __  __ _ \ \ \ \
( ( )\___ | '_ | '_| | '_ \/ _` | \ \ \ \
 \\/  ___)| |_)| | | | | || (_| |  ) ) ) )
  '  |____| .__|_| |_|_| |_\__, | / / / /
 =========|_|==============|___/=/_/_/_/

 :: Spring Boot ::                (v3.4.5)

2025-11-13T21:39:45.158+02:00  INFO 8037 --- [           main] M.integration.TokenServiceTest           : Starting TokenServiceTest using Java 21.0.7 with PID 8037 (started by maslyak in /Users/maslyak/IdeaProjects/MaslyakBank_Mono1/MaslyakBank_Token)
2025-11-13T21:39:45.158+02:00  INFO 8037 --- [           main] M.integration.TokenServiceTest           : The following 1 profile is active: "test"
2025-11-13T21:39:45.205+02:00  INFO 8037 --- [           main] .s.d.r.c.RepositoryConfigurationDelegate : Multiple Spring Data modules found, entering strict repository configuration mode
2025-11-13T21:39:45.205+02:00  INFO 8037 --- [           main] .s.d.r.c.RepositoryConfigurationDelegate : Bootstrapping Spring Data JPA repositories in DEFAULT mode.
2025-11-13T21:39:45.206+02:00  INFO 8037 --- [           main] .s.d.r.c.RepositoryConfigurationDelegate : Finished Spring Data repository scanning in 0 ms. Found 0 JPA repository interfaces.
2025-11-13T21:39:45.206+02:00  INFO 8037 --- [           main] .s.d.r.c.RepositoryConfigurationDelegate : Multiple Spring Data modules found, entering strict repository configuration mode
2025-11-13T21:39:45.207+02:00  INFO 8037 --- [           main] .s.d.r.c.RepositoryConfigurationDelegate : Bootstrapping Spring Data Redis repositories in DEFAULT mode.
2025-11-13T21:39:45.207+02:00  INFO 8037 --- [           main] .s.d.r.c.RepositoryConfigurationDelegate : Finished Spring Data repository scanning in 0 ms. Found 0 Redis repository interfaces.
2025-11-13T21:39:45.229+02:00  INFO 8037 --- [           main] o.hibernate.jpa.internal.util.LogHelper  : HHH000204: Processing PersistenceUnitInfo [name: default]
2025-11-13T21:39:45.231+02:00  INFO 8037 --- [           main] o.h.c.internal.RegionFactoryInitiator    : HHH000026: Second-level cache disabled
2025-11-13T21:39:45.232+02:00  INFO 8037 --- [           main] o.h.e.boot.internal.EnversServiceImpl    : Envers integration enabled? : true
2025-11-13T21:39:45.237+02:00  INFO 8037 --- [           main] o.s.o.j.p.SpringPersistenceUnitInfo      : No LoadTimeWeaver setup: ignoring JPA class transformer
2025-11-13T21:39:45.238+02:00  WARN 8037 --- [           main] org.hibernate.orm.deprecation            : HHH90000025: H2Dialect does not need to be specified explicitly using 'hibernate.dialect' (remove the property setting and it will be selected by default)
2025-11-13T21:39:45.279+02:00  INFO 8037 --- [           main] o.h.e.t.j.p.i.JtaPlatformInitiator       : HHH000489: No JTA platform available (set 'hibernate.transaction.jta.platform' to enable JTA platform integration)
Hibernate: drop table if exists accounts cascade 
Hibernate: drop table if exists cards cascade 
Hibernate: drop table if exists refresh_token cascade 
Hibernate: drop table if exists user_token cascade 
Hibernate: drop table if exists users cascade 
Hibernate: create table accounts (balance float(53), currency varchar(3) not null check (currency in ('UAH','USD','EUR')), is_blocked boolean not null, created_at timestamp(6) not null, updated_at timestamp(6) not null, id uuid not null, user_id uuid not null, account_number varchar(29) not null unique, status varchar(255) not null check (status in ('OPENED','CURRENT','DISABLED')), primary key (id))
Hibernate: create table cards (card_type tinyint not null check (card_type between 0 and 1), cvv varchar(3) not null, expiry_date date not null, is_blocked boolean not null, is_expired boolean not null, created_at timestamp(6) not null, updated_at timestamp(6) not null, account_id uuid not null, id uuid not null, card_number varchar(19) not null unique, primary key (id))
Hibernate: create table refresh_token (revoked boolean, created_at timestamp(6), expired_at timestamp(6), updated_at timestamp(6), id uuid not null, user_token_id uuid not null unique, token varchar(255) not null unique, primary key (id))
Hibernate: create table user_token (is_expired boolean, is_valid boolean, created_at timestamp(6), updated_at timestamp(6), id uuid not null, user_id uuid not null, status varchar(255) check (status in ('ACTIVE','BLOCKED','EXPIRED')), token varchar(255) not null, primary key (id))
Hibernate: create table users (created_at timestamp(6), updated_at timestamp(6), id uuid not null, phone_number varchar(20), email varchar(255), login varchar(255), password varchar(255), password_salt varchar(255), role varchar(255) check (role in ('USER','ADMIN','SUPER_ADMIN')), status varchar(255) check (status in ('REGISTERED','PARTIALLY_COMPLETED','COMPLETED','BLOCKED','DELETED')), primary key (id))
Hibernate: alter table if exists accounts add constraint FKnjuop33mo69pd79ctplkck40n foreign key (user_id) references users
Hibernate: alter table if exists cards add constraint FKdjw7dinkpc0f01yk4m57uq2u2 foreign key (account_id) references accounts
Hibernate: alter table if exists refresh_token add constraint FKoyms15idvn7lycr08dgfh48jj foreign key (user_token_id) references user_token
Hibernate: alter table if exists user_token add constraint FKfadr8tg4d19axmfe9fltvrmqt foreign key (user_id) references users
2025-11-13T21:39:45.286+02:00  INFO 8037 --- [           main] j.LocalContainerEntityManagerFactoryBean : Initialized JPA EntityManagerFactory for persistence unit 'default'
2025-11-13T21:39:45.293+02:00  INFO 8037 --- [           main] eAuthenticationProviderManagerConfigurer : Global AuthenticationManager configured with AuthenticationProvider bean with name authenticationProvider
2025-11-13T21:39:45.293+02:00  WARN 8037 --- [           main] r$InitializeUserDetailsManagerConfigurer : Global AuthenticationManager configured with an AuthenticationProvider bean. UserDetailsService beans will not be used by Spring Security for automatically configuring username/password login. Consider removing the AuthenticationProvider bean. Alternatively, consider using the UserDetailsService in a manually instantiated DaoAuthenticationProvider. If the current configuration is intentional, to turn off this warning, increase the logging level of 'org.springframework.security.config.annotation.authentication.configuration.InitializeUserDetailsBeanManagerConfigurer' to ERROR
2025-11-13T21:39:45.298+02:00  WARN 8037 --- [           main] JpaBaseConfiguration$JpaWebConfiguration : spring.jpa.open-in-view is enabled by default. Therefore, database queries may be performed during view rendering. Explicitly configure spring.jpa.open-in-view to disable this warning
2025-11-13T21:39:45.354+02:00  INFO 8037 --- [           main] M.integration.TokenServiceTest           : Started TokenServiceTest in 0.206 seconds (process running for 3.725)
Hibernate: delete from refresh_token
Hibernate: delete from user_token
Hibernate: delete from users
Hibernate: insert into users (created_at,email,login,password,password_salt,phone_number,role,status,updated_at,id) values (?,?,?,?,?,?,?,?,?,?)
Hibernate: select ut1_0.id,ut1_0.created_at,ut1_0.email,ut1_0.login,ut1_0.password,ut1_0.password_salt,ut1_0.phone_number,ut1_0.role,ut1_0.status,ut1_0.updated_at from users ut1_0 where ut1_0.login=?
Hibernate: select ut1_0.id,ut1_0.created_at,ut1_0.email,ut1_0.login,ut1_0.password,ut1_0.password_salt,ut1_0.phone_number,ut1_0.role,ut1_0.status,ut1_0.updated_at from users ut1_0 where ut1_0.id=?
Hibernate: insert into user_token (created_at,is_expired,is_valid,status,token,updated_at,user_id,id) values (?,?,?,?,?,?,?,?)
Hibernate: select utt1_0.id,utt1_0.created_at,utt1_0.is_expired,utt1_0.is_valid,utt1_0.status,utt1_0.token,utt1_0.updated_at,utt1_0.user_id,u1_0.id,u1_0.created_at,u1_0.email,u1_0.login,u1_0.password,u1_0.password_salt,u1_0.phone_number,u1_0.role,u1_0.status,u1_0.updated_at from user_token utt1_0 join users u1_0 on u1_0.id=utt1_0.user_id where utt1_0.id=?
Hibernate: insert into refresh_token (created_at,expired_at,revoked,token,updated_at,user_token_id,id) values (?,?,?,?,?,?,?)
Hibernate: select rtt1_0.id,rtt1_0.created_at,rtt1_0.expired_at,rtt1_0.revoked,rtt1_0.token,rtt1_0.updated_at,rtt1_0.user_token_id from refresh_token rtt1_0 where rtt1_0.token=?
Hibernate: select utt1_0.id,utt1_0.created_at,utt1_0.is_expired,utt1_0.is_valid,utt1_0.status,utt1_0.token,utt1_0.updated_at,utt1_0.user_id,u1_0.id,u1_0.created_at,u1_0.email,u1_0.login,u1_0.password,u1_0.password_salt,u1_0.phone_number,u1_0.role,u1_0.status,u1_0.updated_at from user_token utt1_0 join users u1_0 on u1_0.id=utt1_0.user_id where utt1_0.id=?
Hibernate: select utt1_0.id,utt1_0.created_at,utt1_0.is_expired,utt1_0.is_valid,utt1_0.status,utt1_0.token,utt1_0.updated_at,utt1_0.user_id from user_token utt1_0 where utt1_0.user_id=?
Hibernate: select ut1_0.id,ut1_0.created_at,ut1_0.email,ut1_0.login,ut1_0.password,ut1_0.password_salt,ut1_0.phone_number,ut1_0.role,ut1_0.status,ut1_0.updated_at from users ut1_0 where ut1_0.id=?
Hibernate: select utt1_0.id,utt1_0.created_at,utt1_0.is_expired,utt1_0.is_valid,utt1_0.status,utt1_0.token,utt1_0.updated_at,utt1_0.user_id,u1_0.id,u1_0.created_at,u1_0.email,u1_0.login,u1_0.password,u1_0.password_salt,u1_0.phone_number,u1_0.role,u1_0.status,u1_0.updated_at from user_token utt1_0 join users u1_0 on u1_0.id=utt1_0.user_id where utt1_0.id=?
Hibernate: update user_token set created_at=?,is_expired=?,is_valid=?,status=?,token=?,updated_at=?,user_id=? where id=?
Hibernate: select rtt1_0.id,rtt1_0.created_at,rtt1_0.expired_at,rtt1_0.revoked,rtt1_0.token,rtt1_0.updated_at,rtt1_0.user_token_id from refresh_token rtt1_0 join user_token utt1_0 on utt1_0.id=rtt1_0.user_token_id where utt1_0.user_id=?
Hibernate: select utt1_0.id,utt1_0.created_at,utt1_0.is_expired,utt1_0.is_valid,utt1_0.status,utt1_0.token,utt1_0.updated_at,utt1_0.user_id,u1_0.id,u1_0.created_at,u1_0.email,u1_0.login,u1_0.password,u1_0.password_salt,u1_0.phone_number,u1_0.role,u1_0.status,u1_0.updated_at from user_token utt1_0 join users u1_0 on u1_0.id=utt1_0.user_id where utt1_0.id=?
Hibernate: select rtt1_0.id,rtt1_0.created_at,rtt1_0.expired_at,rtt1_0.revoked,rtt1_0.token,rtt1_0.updated_at,rtt1_0.user_token_id,utt1_0.id,utt1_0.created_at,utt1_0.is_expired,utt1_0.is_valid,utt1_0.status,utt1_0.token,utt1_0.updated_at,utt1_0.user_id,u1_0.id,u1_0.created_at,u1_0.email,u1_0.login,u1_0.password,u1_0.password_salt,u1_0.phone_number,u1_0.role,u1_0.status,u1_0.updated_at from refresh_token rtt1_0 join user_token utt1_0 on utt1_0.id=rtt1_0.user_token_id left join users u1_0 on u1_0.id=utt1_0.user_id where rtt1_0.id=?
Hibernate: update refresh_token set created_at=?,expired_at=?,revoked=?,token=?,updated_at=?,user_token_id=? where id=?
Hibernate: select ut1_0.id,ut1_0.created_at,ut1_0.email,ut1_0.login,ut1_0.password,ut1_0.password_salt,ut1_0.phone_number,ut1_0.role,ut1_0.status,ut1_0.updated_at from users ut1_0 where ut1_0.id=?
Hibernate: insert into user_token (created_at,is_expired,is_valid,status,token,updated_at,user_id,id) values (?,?,?,?,?,?,?,?)
Hibernate: select utt1_0.id,utt1_0.created_at,utt1_0.is_expired,utt1_0.is_valid,utt1_0.status,utt1_0.token,utt1_0.updated_at,utt1_0.user_id,u1_0.id,u1_0.created_at,u1_0.email,u1_0.login,u1_0.password,u1_0.password_salt,u1_0.phone_number,u1_0.role,u1_0.status,u1_0.updated_at from user_token utt1_0 join users u1_0 on u1_0.id=utt1_0.user_id where utt1_0.id=?
Hibernate: insert into refresh_token (created_at,expired_at,revoked,token,updated_at,user_token_id,id) values (?,?,?,?,?,?,?)
]]></system-out>
  </testcase>
  <testcase name="refreshOrLogout_logoutOnly" classname="MaslyakBank_Core.integration.TokenServiceTest" time="0.376">
    <system-out><![CDATA[Hibernate: drop table if exists accounts cascade 
Hibernate: drop table if exists cards cascade 
Hibernate: drop table if exists refresh_token cascade 
Hibernate: drop table if exists user_token cascade 
Hibernate: drop table if exists users cascade 
2025-11-13T21:39:45.817+02:00  INFO 8037 --- [           main] j.LocalContainerEntityManagerFactoryBean : Closing JPA EntityManagerFactory for persistence unit 'default'
2025-11-13T21:39:45.819+02:00  INFO 8037 --- [           main] o.s.b.d.r.RestartApplicationListener     : Restart disabled due to context in which it is running

  .   ____          _            __ _ _
 /\\ / ___'_ __ _ _(_)_ __  __ _ \ \ \ \
( ( )\___ | '_ | '_| | '_ \/ _` | \ \ \ \
 \\/  ___)| |_)| | | | | || (_| |  ) ) ) )
  '  |____| .__|_| |_|_| |_\__, | / / / /
 =========|_|==============|___/=/_/_/_/

 :: Spring Boot ::                (v3.4.5)

2025-11-13T21:39:45.826+02:00  INFO 8037 --- [           main] M.integration.TokenServiceTest           : Starting TokenServiceTest using Java 21.0.7 with PID 8037 (started by maslyak in /Users/maslyak/IdeaProjects/MaslyakBank_Mono1/MaslyakBank_Token)
2025-11-13T21:39:45.826+02:00  INFO 8037 --- [           main] M.integration.TokenServiceTest           : The following 1 profile is active: "test"
2025-11-13T21:39:45.870+02:00  INFO 8037 --- [           main] .s.d.r.c.RepositoryConfigurationDelegate : Multiple Spring Data modules found, entering strict repository configuration mode
2025-11-13T21:39:45.870+02:00  INFO 8037 --- [           main] .s.d.r.c.RepositoryConfigurationDelegate : Bootstrapping Spring Data JPA repositories in DEFAULT mode.
2025-11-13T21:39:45.871+02:00  INFO 8037 --- [           main] .s.d.r.c.RepositoryConfigurationDelegate : Finished Spring Data repository scanning in 0 ms. Found 0 JPA repository interfaces.
2025-11-13T21:39:45.871+02:00  INFO 8037 --- [           main] .s.d.r.c.RepositoryConfigurationDelegate : Multiple Spring Data modules found, entering strict repository configuration mode
2025-11-13T21:39:45.871+02:00  INFO 8037 --- [           main] .s.d.r.c.RepositoryConfigurationDelegate : Bootstrapping Spring Data Redis repositories in DEFAULT mode.
2025-11-13T21:39:45.872+02:00  INFO 8037 --- [           main] .s.d.r.c.RepositoryConfigurationDelegate : Finished Spring Data repository scanning in 0 ms. Found 0 Redis repository interfaces.
2025-11-13T21:39:45.889+02:00  INFO 8037 --- [           main] o.hibernate.jpa.internal.util.LogHelper  : HHH000204: Processing PersistenceUnitInfo [name: default]
2025-11-13T21:39:45.891+02:00  INFO 8037 --- [           main] o.h.c.internal.RegionFactoryInitiator    : HHH000026: Second-level cache disabled
2025-11-13T21:39:45.892+02:00  INFO 8037 --- [           main] o.h.e.boot.internal.EnversServiceImpl    : Envers integration enabled? : true
2025-11-13T21:39:45.896+02:00  INFO 8037 --- [           main] o.s.o.j.p.SpringPersistenceUnitInfo      : No LoadTimeWeaver setup: ignoring JPA class transformer
2025-11-13T21:39:45.896+02:00  WARN 8037 --- [           main] org.hibernate.orm.deprecation            : HHH90000025: H2Dialect does not need to be specified explicitly using 'hibernate.dialect' (remove the property setting and it will be selected by default)
2025-11-13T21:39:45.936+02:00  INFO 8037 --- [           main] o.h.e.t.j.p.i.JtaPlatformInitiator       : HHH000489: No JTA platform available (set 'hibernate.transaction.jta.platform' to enable JTA platform integration)
Hibernate: drop table if exists accounts cascade 
Hibernate: drop table if exists cards cascade 
Hibernate: drop table if exists refresh_token cascade 
Hibernate: drop table if exists user_token cascade 
Hibernate: drop table if exists users cascade 
Hibernate: create table accounts (balance float(53), currency varchar(3) not null check (currency in ('UAH','USD','EUR')), is_blocked boolean not null, created_at timestamp(6) not null, updated_at timestamp(6) not null, id uuid not null, user_id uuid not null, account_number varchar(29) not null unique, status varchar(255) not null check (status in ('OPENED','CURRENT','DISABLED')), primary key (id))
Hibernate: create table cards (card_type tinyint not null check (card_type between 0 and 1), cvv varchar(3) not null, expiry_date date not null, is_blocked boolean not null, is_expired boolean not null, created_at timestamp(6) not null, updated_at timestamp(6) not null, account_id uuid not null, id uuid not null, card_number varchar(19) not null unique, primary key (id))
Hibernate: create table refresh_token (revoked boolean, created_at timestamp(6), expired_at timestamp(6), updated_at timestamp(6), id uuid not null, user_token_id uuid not null unique, token varchar(255) not null unique, primary key (id))
Hibernate: create table user_token (is_expired boolean, is_valid boolean, created_at timestamp(6), updated_at timestamp(6), id uuid not null, user_id uuid not null, status varchar(255) check (status in ('ACTIVE','BLOCKED','EXPIRED')), token varchar(255) not null, primary key (id))
Hibernate: create table users (created_at timestamp(6), updated_at timestamp(6), id uuid not null, phone_number varchar(20), email varchar(255), login varchar(255), password varchar(255), password_salt varchar(255), role varchar(255) check (role in ('USER','ADMIN','SUPER_ADMIN')), status varchar(255) check (status in ('REGISTERED','PARTIALLY_COMPLETED','COMPLETED','BLOCKED','DELETED')), primary key (id))
Hibernate: alter table if exists accounts add constraint FKnjuop33mo69pd79ctplkck40n foreign key (user_id) references users
Hibernate: alter table if exists cards add constraint FKdjw7dinkpc0f01yk4m57uq2u2 foreign key (account_id) references accounts
Hibernate: alter table if exists refresh_token add constraint FKoyms15idvn7lycr08dgfh48jj foreign key (user_token_id) references user_token
Hibernate: alter table if exists user_token add constraint FKfadr8tg4d19axmfe9fltvrmqt foreign key (user_id) references users
2025-11-13T21:39:45.942+02:00  INFO 8037 --- [           main] j.LocalContainerEntityManagerFactoryBean : Initialized JPA EntityManagerFactory for persistence unit 'default'
2025-11-13T21:39:45.949+02:00  INFO 8037 --- [           main] eAuthenticationProviderManagerConfigurer : Global AuthenticationManager configured with AuthenticationProvider bean with name authenticationProvider
2025-11-13T21:39:45.949+02:00  WARN 8037 --- [           main] r$InitializeUserDetailsManagerConfigurer : Global AuthenticationManager configured with an AuthenticationProvider bean. UserDetailsService beans will not be used by Spring Security for automatically configuring username/password login. Consider removing the AuthenticationProvider bean. Alternatively, consider using the UserDetailsService in a manually instantiated DaoAuthenticationProvider. If the current configuration is intentional, to turn off this warning, increase the logging level of 'org.springframework.security.config.annotation.authentication.configuration.InitializeUserDetailsBeanManagerConfigurer' to ERROR
2025-11-13T21:39:45.953+02:00  WARN 8037 --- [           main] JpaBaseConfiguration$JpaWebConfiguration : spring.jpa.open-in-view is enabled by default. Therefore, database queries may be performed during view rendering. Explicitly configure spring.jpa.open-in-view to disable this warning
2025-11-13T21:39:46.014+02:00  INFO 8037 --- [           main] M.integration.TokenServiceTest           : Started TokenServiceTest in 0.195 seconds (process running for 4.385)
Hibernate: delete from refresh_token
Hibernate: delete from user_token
Hibernate: delete from users
Hibernate: insert into users (created_at,email,login,password,password_salt,phone_number,role,status,updated_at,id) values (?,?,?,?,?,?,?,?,?,?)
Hibernate: select utt1_0.id,utt1_0.created_at,utt1_0.is_expired,utt1_0.is_valid,utt1_0.status,utt1_0.token,utt1_0.updated_at,utt1_0.user_id from user_token utt1_0 where utt1_0.user_id=?
Hibernate: select rtt1_0.id,rtt1_0.created_at,rtt1_0.expired_at,rtt1_0.revoked,rtt1_0.token,rtt1_0.updated_at,rtt1_0.user_token_id from refresh_token rtt1_0 join user_token utt1_0 on utt1_0.id=rtt1_0.user_token_id where utt1_0.user_id=?
Hibernate: select utt1_0.id,utt1_0.created_at,utt1_0.is_expired,utt1_0.is_valid,utt1_0.status,utt1_0.token,utt1_0.updated_at,utt1_0.user_id from user_token utt1_0 where utt1_0.user_id=?
]]></system-out>
  </testcase>
  <testcase name="getAuthToken_positive" classname="MaslyakBank_Core.integration.TokenServiceTest" time="0.471">
    <system-out><![CDATA[Hibernate: drop table if exists accounts cascade 
Hibernate: drop table if exists cards cascade 
Hibernate: drop table if exists refresh_token cascade 
Hibernate: drop table if exists user_token cascade 
Hibernate: drop table if exists users cascade 
2025-11-13T21:39:46.194+02:00  INFO 8037 --- [           main] j.LocalContainerEntityManagerFactoryBean : Closing JPA EntityManagerFactory for persistence unit 'default'
2025-11-13T21:39:46.196+02:00  INFO 8037 --- [           main] o.s.b.d.r.RestartApplicationListener     : Restart disabled due to context in which it is running

  .   ____          _            __ _ _
 /\\ / ___'_ __ _ _(_)_ __  __ _ \ \ \ \
( ( )\___ | '_ | '_| | '_ \/ _` | \ \ \ \
 \\/  ___)| |_)| | | | | || (_| |  ) ) ) )
  '  |____| .__|_| |_|_| |_\__, | / / / /
 =========|_|==============|___/=/_/_/_/

 :: Spring Boot ::                (v3.4.5)

2025-11-13T21:39:46.203+02:00  INFO 8037 --- [           main] M.integration.TokenServiceTest           : Starting TokenServiceTest using Java 21.0.7 with PID 8037 (started by maslyak in /Users/maslyak/IdeaProjects/MaslyakBank_Mono1/MaslyakBank_Token)
2025-11-13T21:39:46.203+02:00  INFO 8037 --- [           main] M.integration.TokenServiceTest           : The following 1 profile is active: "test"
2025-11-13T21:39:46.238+02:00  INFO 8037 --- [           main] .s.d.r.c.RepositoryConfigurationDelegate : Multiple Spring Data modules found, entering strict repository configuration mode
2025-11-13T21:39:46.238+02:00  INFO 8037 --- [           main] .s.d.r.c.RepositoryConfigurationDelegate : Bootstrapping Spring Data JPA repositories in DEFAULT mode.
2025-11-13T21:39:46.239+02:00  INFO 8037 --- [           main] .s.d.r.c.RepositoryConfigurationDelegate : Finished Spring Data repository scanning in 0 ms. Found 0 JPA repository interfaces.
2025-11-13T21:39:46.239+02:00  INFO 8037 --- [           main] .s.d.r.c.RepositoryConfigurationDelegate : Multiple Spring Data modules found, entering strict repository configuration mode
2025-11-13T21:39:46.239+02:00  INFO 8037 --- [           main] .s.d.r.c.RepositoryConfigurationDelegate : Bootstrapping Spring Data Redis repositories in DEFAULT mode.
2025-11-13T21:39:46.240+02:00  INFO 8037 --- [           main] .s.d.r.c.RepositoryConfigurationDelegate : Finished Spring Data repository scanning in 0 ms. Found 0 Redis repository interfaces.
2025-11-13T21:39:46.254+02:00  INFO 8037 --- [           main] o.hibernate.jpa.internal.util.LogHelper  : HHH000204: Processing PersistenceUnitInfo [name: default]
2025-11-13T21:39:46.257+02:00  INFO 8037 --- [           main] o.h.c.internal.RegionFactoryInitiator    : HHH000026: Second-level cache disabled
2025-11-13T21:39:46.259+02:00  INFO 8037 --- [           main] o.h.e.boot.internal.EnversServiceImpl    : Envers integration enabled? : true
2025-11-13T21:39:46.263+02:00  INFO 8037 --- [           main] o.s.o.j.p.SpringPersistenceUnitInfo      : No LoadTimeWeaver setup: ignoring JPA class transformer
2025-11-13T21:39:46.263+02:00  WARN 8037 --- [           main] org.hibernate.orm.deprecation            : HHH90000025: H2Dialect does not need to be specified explicitly using 'hibernate.dialect' (remove the property setting and it will be selected by default)
2025-11-13T21:39:46.299+02:00  INFO 8037 --- [           main] o.h.e.t.j.p.i.JtaPlatformInitiator       : HHH000489: No JTA platform available (set 'hibernate.transaction.jta.platform' to enable JTA platform integration)
Hibernate: drop table if exists accounts cascade 
Hibernate: drop table if exists cards cascade 
Hibernate: drop table if exists refresh_token cascade 
Hibernate: drop table if exists user_token cascade 
Hibernate: drop table if exists users cascade 
Hibernate: create table accounts (balance float(53), currency varchar(3) not null check (currency in ('UAH','USD','EUR')), is_blocked boolean not null, created_at timestamp(6) not null, updated_at timestamp(6) not null, id uuid not null, user_id uuid not null, account_number varchar(29) not null unique, status varchar(255) not null check (status in ('OPENED','CURRENT','DISABLED')), primary key (id))
Hibernate: create table cards (card_type tinyint not null check (card_type between 0 and 1), cvv varchar(3) not null, expiry_date date not null, is_blocked boolean not null, is_expired boolean not null, created_at timestamp(6) not null, updated_at timestamp(6) not null, account_id uuid not null, id uuid not null, card_number varchar(19) not null unique, primary key (id))
Hibernate: create table refresh_token (revoked boolean, created_at timestamp(6), expired_at timestamp(6), updated_at timestamp(6), id uuid not null, user_token_id uuid not null unique, token varchar(255) not null unique, primary key (id))
Hibernate: create table user_token (is_expired boolean, is_valid boolean, created_at timestamp(6), updated_at timestamp(6), id uuid not null, user_id uuid not null, status varchar(255) check (status in ('ACTIVE','BLOCKED','EXPIRED')), token varchar(255) not null, primary key (id))
Hibernate: create table users (created_at timestamp(6), updated_at timestamp(6), id uuid not null, phone_number varchar(20), email varchar(255), login varchar(255), password varchar(255), password_salt varchar(255), role varchar(255) check (role in ('USER','ADMIN','SUPER_ADMIN')), status varchar(255) check (status in ('REGISTERED','PARTIALLY_COMPLETED','COMPLETED','BLOCKED','DELETED')), primary key (id))
Hibernate: alter table if exists accounts add constraint FKnjuop33mo69pd79ctplkck40n foreign key (user_id) references users
Hibernate: alter table if exists cards add constraint FKdjw7dinkpc0f01yk4m57uq2u2 foreign key (account_id) references accounts
Hibernate: alter table if exists refresh_token add constraint FKoyms15idvn7lycr08dgfh48jj foreign key (user_token_id) references user_token
Hibernate: alter table if exists user_token add constraint FKfadr8tg4d19axmfe9fltvrmqt foreign key (user_id) references users
2025-11-13T21:39:46.305+02:00  INFO 8037 --- [           main] j.LocalContainerEntityManagerFactoryBean : Initialized JPA EntityManagerFactory for persistence unit 'default'
2025-11-13T21:39:46.311+02:00  INFO 8037 --- [           main] eAuthenticationProviderManagerConfigurer : Global AuthenticationManager configured with AuthenticationProvider bean with name authenticationProvider
2025-11-13T21:39:46.311+02:00  WARN 8037 --- [           main] r$InitializeUserDetailsManagerConfigurer : Global AuthenticationManager configured with an AuthenticationProvider bean. UserDetailsService beans will not be used by Spring Security for automatically configuring username/password login. Consider removing the AuthenticationProvider bean. Alternatively, consider using the UserDetailsService in a manually instantiated DaoAuthenticationProvider. If the current configuration is intentional, to turn off this warning, increase the logging level of 'org.springframework.security.config.annotation.authentication.configuration.InitializeUserDetailsBeanManagerConfigurer' to ERROR
2025-11-13T21:39:46.314+02:00  WARN 8037 --- [           main] JpaBaseConfiguration$JpaWebConfiguration : spring.jpa.open-in-view is enabled by default. Therefore, database queries may be performed during view rendering. Explicitly configure spring.jpa.open-in-view to disable this warning
2025-11-13T21:39:46.359+02:00  INFO 8037 --- [           main] M.integration.TokenServiceTest           : Started TokenServiceTest in 0.163 seconds (process running for 4.73)
Hibernate: delete from refresh_token
Hibernate: delete from user_token
Hibernate: delete from users
Hibernate: insert into users (created_at,email,login,password,password_salt,phone_number,role,status,updated_at,id) values (?,?,?,?,?,?,?,?,?,?)
Hibernate: select ut1_0.id,ut1_0.created_at,ut1_0.email,ut1_0.login,ut1_0.password,ut1_0.password_salt,ut1_0.phone_number,ut1_0.role,ut1_0.status,ut1_0.updated_at from users ut1_0 where ut1_0.login=?
Hibernate: select ut1_0.id,ut1_0.created_at,ut1_0.email,ut1_0.login,ut1_0.password,ut1_0.password_salt,ut1_0.phone_number,ut1_0.role,ut1_0.status,ut1_0.updated_at from users ut1_0 where ut1_0.login=?
Loaded user: testuser, password hash: $2a$10$qvcZ1G68UFWA2dxvexDrUOpmnkHmbhDuSAHbmg2Q08WLB0G8OtIWS
Hibernate: select utt1_0.id,utt1_0.created_at,utt1_0.is_expired,utt1_0.is_valid,utt1_0.status,utt1_0.token,utt1_0.updated_at,utt1_0.user_id from user_token utt1_0 where utt1_0.user_id=? order by utt1_0.created_at desc
Hibernate: select ut1_0.id,ut1_0.created_at,ut1_0.email,ut1_0.login,ut1_0.password,ut1_0.password_salt,ut1_0.phone_number,ut1_0.role,ut1_0.status,ut1_0.updated_at from users ut1_0 where ut1_0.login=?
Hibernate: select ut1_0.id,ut1_0.created_at,ut1_0.email,ut1_0.login,ut1_0.password,ut1_0.password_salt,ut1_0.phone_number,ut1_0.role,ut1_0.status,ut1_0.updated_at from users ut1_0 where ut1_0.id=?
Hibernate: insert into user_token (created_at,is_expired,is_valid,status,token,updated_at,user_id,id) values (?,?,?,?,?,?,?,?)
Hibernate: select utt1_0.id,utt1_0.created_at,utt1_0.is_expired,utt1_0.is_valid,utt1_0.status,utt1_0.token,utt1_0.updated_at,utt1_0.user_id,u1_0.id,u1_0.created_at,u1_0.email,u1_0.login,u1_0.password,u1_0.password_salt,u1_0.phone_number,u1_0.role,u1_0.status,u1_0.updated_at from user_token utt1_0 join users u1_0 on u1_0.id=utt1_0.user_id where utt1_0.id=?
Hibernate: insert into refresh_token (created_at,expired_at,revoked,token,updated_at,user_token_id,id) values (?,?,?,?,?,?,?)
Access: eyJhbGciOiJIUzI1NiJ9.eyJzdWIiOiJ0ZXN0dXNlciIsInVzZXJfaWQiOiIwZmQxZGY0ZC1iMGZhLTQ2NTItOWRjNi01MDYxZmJiZjA3MDQiLCJpYXQiOjE3NjMwNjI3ODYsImV4cCI6MTc2MzA2MzA4Nn0.VITla84avebB6NHNybQn9xyH1038_CMI1yn6N0wwCdQ
Refresh: waj2TFBvGId-IyTT-TuhUkXSD8s0EGxSay41-PgHLt4
]]></system-out>
  </testcase>
  <testcase name="getAuthToken_negative" classname="MaslyakBank_Core.integration.TokenServiceTest" time="0.425">
    <system-out><![CDATA[Hibernate: drop table if exists accounts cascade 
Hibernate: drop table if exists cards cascade 
Hibernate: drop table if exists refresh_token cascade 
Hibernate: drop table if exists user_token cascade 
Hibernate: drop table if exists users cascade 
2025-11-13T21:39:46.664+02:00  INFO 8037 --- [           main] j.LocalContainerEntityManagerFactoryBean : Closing JPA EntityManagerFactory for persistence unit 'default'
2025-11-13T21:39:46.666+02:00  INFO 8037 --- [           main] o.s.b.d.r.RestartApplicationListener     : Restart disabled due to context in which it is running

  .   ____          _            __ _ _
 /\\ / ___'_ __ _ _(_)_ __  __ _ \ \ \ \
( ( )\___ | '_ | '_| | '_ \/ _` | \ \ \ \
 \\/  ___)| |_)| | | | | || (_| |  ) ) ) )
  '  |____| .__|_| |_|_| |_\__, | / / / /
 =========|_|==============|___/=/_/_/_/

 :: Spring Boot ::                (v3.4.5)

2025-11-13T21:39:46.671+02:00  INFO 8037 --- [           main] M.integration.TokenServiceTest           : Starting TokenServiceTest using Java 21.0.7 with PID 8037 (started by maslyak in /Users/maslyak/IdeaProjects/MaslyakBank_Mono1/MaslyakBank_Token)
2025-11-13T21:39:46.671+02:00  INFO 8037 --- [           main] M.integration.TokenServiceTest           : The following 1 profile is active: "test"
2025-11-13T21:39:46.702+02:00  INFO 8037 --- [           main] .s.d.r.c.RepositoryConfigurationDelegate : Multiple Spring Data modules found, entering strict repository configuration mode
2025-11-13T21:39:46.702+02:00  INFO 8037 --- [           main] .s.d.r.c.RepositoryConfigurationDelegate : Bootstrapping Spring Data JPA repositories in DEFAULT mode.
2025-11-13T21:39:46.702+02:00  INFO 8037 --- [           main] .s.d.r.c.RepositoryConfigurationDelegate : Finished Spring Data repository scanning in 0 ms. Found 0 JPA repository interfaces.
2025-11-13T21:39:46.703+02:00  INFO 8037 --- [           main] .s.d.r.c.RepositoryConfigurationDelegate : Multiple Spring Data modules found, entering strict repository configuration mode
2025-11-13T21:39:46.703+02:00  INFO 8037 --- [           main] .s.d.r.c.RepositoryConfigurationDelegate : Bootstrapping Spring Data Redis repositories in DEFAULT mode.
2025-11-13T21:39:46.703+02:00  INFO 8037 --- [           main] .s.d.r.c.RepositoryConfigurationDelegate : Finished Spring Data repository scanning in 0 ms. Found 0 Redis repository interfaces.
2025-11-13T21:39:46.714+02:00  INFO 8037 --- [           main] o.hibernate.jpa.internal.util.LogHelper  : HHH000204: Processing PersistenceUnitInfo [name: default]
2025-11-13T21:39:46.716+02:00  INFO 8037 --- [           main] o.h.c.internal.RegionFactoryInitiator    : HHH000026: Second-level cache disabled
2025-11-13T21:39:46.717+02:00  INFO 8037 --- [           main] o.h.e.boot.internal.EnversServiceImpl    : Envers integration enabled? : true
2025-11-13T21:39:46.720+02:00  INFO 8037 --- [           main] o.s.o.j.p.SpringPersistenceUnitInfo      : No LoadTimeWeaver setup: ignoring JPA class transformer
2025-11-13T21:39:46.721+02:00  WARN 8037 --- [           main] org.hibernate.orm.deprecation            : HHH90000025: H2Dialect does not need to be specified explicitly using 'hibernate.dialect' (remove the property setting and it will be selected by default)
2025-11-13T21:39:46.749+02:00  INFO 8037 --- [           main] o.h.e.t.j.p.i.JtaPlatformInitiator       : HHH000489: No JTA platform available (set 'hibernate.transaction.jta.platform' to enable JTA platform integration)
Hibernate: drop table if exists accounts cascade 
Hibernate: drop table if exists cards cascade 
Hibernate: drop table if exists refresh_token cascade 
Hibernate: drop table if exists user_token cascade 
Hibernate: drop table if exists users cascade 
Hibernate: create table accounts (balance float(53), currency varchar(3) not null check (currency in ('UAH','USD','EUR')), is_blocked boolean not null, created_at timestamp(6) not null, updated_at timestamp(6) not null, id uuid not null, user_id uuid not null, account_number varchar(29) not null unique, status varchar(255) not null check (status in ('OPENED','CURRENT','DISABLED')), primary key (id))
Hibernate: create table cards (card_type tinyint not null check (card_type between 0 and 1), cvv varchar(3) not null, expiry_date date not null, is_blocked boolean not null, is_expired boolean not null, created_at timestamp(6) not null, updated_at timestamp(6) not null, account_id uuid not null, id uuid not null, card_number varchar(19) not null unique, primary key (id))
Hibernate: create table refresh_token (revoked boolean, created_at timestamp(6), expired_at timestamp(6), updated_at timestamp(6), id uuid not null, user_token_id uuid not null unique, token varchar(255) not null unique, primary key (id))
Hibernate: create table user_token (is_expired boolean, is_valid boolean, created_at timestamp(6), updated_at timestamp(6), id uuid not null, user_id uuid not null, status varchar(255) check (status in ('ACTIVE','BLOCKED','EXPIRED')), token varchar(255) not null, primary key (id))
Hibernate: create table users (created_at timestamp(6), updated_at timestamp(6), id uuid not null, phone_number varchar(20), email varchar(255), login varchar(255), password varchar(255), password_salt varchar(255), role varchar(255) check (role in ('USER','ADMIN','SUPER_ADMIN')), status varchar(255) check (status in ('REGISTERED','PARTIALLY_COMPLETED','COMPLETED','BLOCKED','DELETED')), primary key (id))
Hibernate: alter table if exists accounts add constraint FKnjuop33mo69pd79ctplkck40n foreign key (user_id) references users
Hibernate: alter table if exists cards add constraint FKdjw7dinkpc0f01yk4m57uq2u2 foreign key (account_id) references accounts
Hibernate: alter table if exists refresh_token add constraint FKoyms15idvn7lycr08dgfh48jj foreign key (user_token_id) references user_token
Hibernate: alter table if exists user_token add constraint FKfadr8tg4d19axmfe9fltvrmqt foreign key (user_id) references users
2025-11-13T21:39:46.753+02:00  INFO 8037 --- [           main] j.LocalContainerEntityManagerFactoryBean : Initialized JPA EntityManagerFactory for persistence unit 'default'
2025-11-13T21:39:46.758+02:00  INFO 8037 --- [           main] eAuthenticationProviderManagerConfigurer : Global AuthenticationManager configured with AuthenticationProvider bean with name authenticationProvider
2025-11-13T21:39:46.758+02:00  WARN 8037 --- [           main] r$InitializeUserDetailsManagerConfigurer : Global AuthenticationManager configured with an AuthenticationProvider bean. UserDetailsService beans will not be used by Spring Security for automatically configuring username/password login. Consider removing the AuthenticationProvider bean. Alternatively, consider using the UserDetailsService in a manually instantiated DaoAuthenticationProvider. If the current configuration is intentional, to turn off this warning, increase the logging level of 'org.springframework.security.config.annotation.authentication.configuration.InitializeUserDetailsBeanManagerConfigurer' to ERROR
2025-11-13T21:39:46.761+02:00  WARN 8037 --- [           main] JpaBaseConfiguration$JpaWebConfiguration : spring.jpa.open-in-view is enabled by default. Therefore, database queries may be performed during view rendering. Explicitly configure spring.jpa.open-in-view to disable this warning
2025-11-13T21:39:46.798+02:00  INFO 8037 --- [           main] M.integration.TokenServiceTest           : Started TokenServiceTest in 0.132 seconds (process running for 5.168)
Hibernate: delete from refresh_token
Hibernate: delete from user_token
Hibernate: delete from users
Hibernate: insert into users (created_at,email,login,password,password_salt,phone_number,role,status,updated_at,id) values (?,?,?,?,?,?,?,?,?,?)
Hibernate: select ut1_0.id,ut1_0.created_at,ut1_0.email,ut1_0.login,ut1_0.password,ut1_0.password_salt,ut1_0.phone_number,ut1_0.role,ut1_0.status,ut1_0.updated_at from users ut1_0 where ut1_0.login=?
Hibernate: select ut1_0.id,ut1_0.created_at,ut1_0.email,ut1_0.login,ut1_0.password,ut1_0.password_salt,ut1_0.phone_number,ut1_0.role,ut1_0.status,ut1_0.updated_at from users ut1_0 where ut1_0.login=?
Loaded user: testuser, password hash: $2a$10$e9AaQ4CtxE.EEm2aSNVAaO3O5LbUQPaV/DPm4uK4/j6.zG./YopqS
]]></system-out>
  </testcase>
  <testcase name="getToken" classname="MaslyakBank_Core.integration.TokenServiceTest" time="0.308">
    <system-out><![CDATA[Hibernate: drop table if exists accounts cascade 
Hibernate: drop table if exists cards cascade 
Hibernate: drop table if exists refresh_token cascade 
Hibernate: drop table if exists user_token cascade 
Hibernate: drop table if exists users cascade 
2025-11-13T21:39:47.090+02:00  INFO 8037 --- [           main] j.LocalContainerEntityManagerFactoryBean : Closing JPA EntityManagerFactory for persistence unit 'default'
2025-11-13T21:39:47.092+02:00  INFO 8037 --- [           main] o.s.b.d.r.RestartApplicationListener     : Restart disabled due to context in which it is running

  .   ____          _            __ _ _
 /\\ / ___'_ __ _ _(_)_ __  __ _ \ \ \ \
( ( )\___ | '_ | '_| | '_ \/ _` | \ \ \ \
 \\/  ___)| |_)| | | | | || (_| |  ) ) ) )
  '  |____| .__|_| |_|_| |_\__, | / / / /
 =========|_|==============|___/=/_/_/_/

 :: Spring Boot ::                (v3.4.5)

2025-11-13T21:39:47.098+02:00  INFO 8037 --- [           main] M.integration.TokenServiceTest           : Starting TokenServiceTest using Java 21.0.7 with PID 8037 (started by maslyak in /Users/maslyak/IdeaProjects/MaslyakBank_Mono1/MaslyakBank_Token)
2025-11-13T21:39:47.098+02:00  INFO 8037 --- [           main] M.integration.TokenServiceTest           : The following 1 profile is active: "test"
2025-11-13T21:39:47.130+02:00  INFO 8037 --- [           main] .s.d.r.c.RepositoryConfigurationDelegate : Multiple Spring Data modules found, entering strict repository configuration mode
2025-11-13T21:39:47.130+02:00  INFO 8037 --- [           main] .s.d.r.c.RepositoryConfigurationDelegate : Bootstrapping Spring Data JPA repositories in DEFAULT mode.
2025-11-13T21:39:47.131+02:00  INFO 8037 --- [           main] .s.d.r.c.RepositoryConfigurationDelegate : Finished Spring Data repository scanning in 0 ms. Found 0 JPA repository interfaces.
2025-11-13T21:39:47.131+02:00  INFO 8037 --- [           main] .s.d.r.c.RepositoryConfigurationDelegate : Multiple Spring Data modules found, entering strict repository configuration mode
2025-11-13T21:39:47.131+02:00  INFO 8037 --- [           main] .s.d.r.c.RepositoryConfigurationDelegate : Bootstrapping Spring Data Redis repositories in DEFAULT mode.
2025-11-13T21:39:47.131+02:00  INFO 8037 --- [           main] .s.d.r.c.RepositoryConfigurationDelegate : Finished Spring Data repository scanning in 0 ms. Found 0 Redis repository interfaces.
2025-11-13T21:39:47.142+02:00  INFO 8037 --- [           main] o.hibernate.jpa.internal.util.LogHelper  : HHH000204: Processing PersistenceUnitInfo [name: default]
2025-11-13T21:39:47.143+02:00  INFO 8037 --- [           main] o.h.c.internal.RegionFactoryInitiator    : HHH000026: Second-level cache disabled
2025-11-13T21:39:47.144+02:00  INFO 8037 --- [           main] o.h.e.boot.internal.EnversServiceImpl    : Envers integration enabled? : true
2025-11-13T21:39:47.147+02:00  INFO 8037 --- [           main] o.s.o.j.p.SpringPersistenceUnitInfo      : No LoadTimeWeaver setup: ignoring JPA class transformer
2025-11-13T21:39:47.148+02:00  WARN 8037 --- [           main] org.hibernate.orm.deprecation            : HHH90000025: H2Dialect does not need to be specified explicitly using 'hibernate.dialect' (remove the property setting and it will be selected by default)
2025-11-13T21:39:47.174+02:00  INFO 8037 --- [           main] o.h.e.t.j.p.i.JtaPlatformInitiator       : HHH000489: No JTA platform available (set 'hibernate.transaction.jta.platform' to enable JTA platform integration)
Hibernate: drop table if exists accounts cascade 
Hibernate: drop table if exists cards cascade 
Hibernate: drop table if exists refresh_token cascade 
Hibernate: drop table if exists user_token cascade 
Hibernate: drop table if exists users cascade 
Hibernate: create table accounts (balance float(53), currency varchar(3) not null check (currency in ('UAH','USD','EUR')), is_blocked boolean not null, created_at timestamp(6) not null, updated_at timestamp(6) not null, id uuid not null, user_id uuid not null, account_number varchar(29) not null unique, status varchar(255) not null check (status in ('OPENED','CURRENT','DISABLED')), primary key (id))
Hibernate: create table cards (card_type tinyint not null check (card_type between 0 and 1), cvv varchar(3) not null, expiry_date date not null, is_blocked boolean not null, is_expired boolean not null, created_at timestamp(6) not null, updated_at timestamp(6) not null, account_id uuid not null, id uuid not null, card_number varchar(19) not null unique, primary key (id))
Hibernate: create table refresh_token (revoked boolean, created_at timestamp(6), expired_at timestamp(6), updated_at timestamp(6), id uuid not null, user_token_id uuid not null unique, token varchar(255) not null unique, primary key (id))
Hibernate: create table user_token (is_expired boolean, is_valid boolean, created_at timestamp(6), updated_at timestamp(6), id uuid not null, user_id uuid not null, status varchar(255) check (status in ('ACTIVE','BLOCKED','EXPIRED')), token varchar(255) not null, primary key (id))
Hibernate: create table users (created_at timestamp(6), updated_at timestamp(6), id uuid not null, phone_number varchar(20), email varchar(255), login varchar(255), password varchar(255), password_salt varchar(255), role varchar(255) check (role in ('USER','ADMIN','SUPER_ADMIN')), status varchar(255) check (status in ('REGISTERED','PARTIALLY_COMPLETED','COMPLETED','BLOCKED','DELETED')), primary key (id))
Hibernate: alter table if exists accounts add constraint FKnjuop33mo69pd79ctplkck40n foreign key (user_id) references users
Hibernate: alter table if exists cards add constraint FKdjw7dinkpc0f01yk4m57uq2u2 foreign key (account_id) references accounts
Hibernate: alter table if exists refresh_token add constraint FKoyms15idvn7lycr08dgfh48jj foreign key (user_token_id) references user_token
Hibernate: alter table if exists user_token add constraint FKfadr8tg4d19axmfe9fltvrmqt foreign key (user_id) references users
2025-11-13T21:39:47.179+02:00  INFO 8037 --- [           main] j.LocalContainerEntityManagerFactoryBean : Initialized JPA EntityManagerFactory for persistence unit 'default'
2025-11-13T21:39:47.183+02:00  INFO 8037 --- [           main] eAuthenticationProviderManagerConfigurer : Global AuthenticationManager configured with AuthenticationProvider bean with name authenticationProvider
2025-11-13T21:39:47.183+02:00  WARN 8037 --- [           main] r$InitializeUserDetailsManagerConfigurer : Global AuthenticationManager configured with an AuthenticationProvider bean. UserDetailsService beans will not be used by Spring Security for automatically configuring username/password login. Consider removing the AuthenticationProvider bean. Alternatively, consider using the UserDetailsService in a manually instantiated DaoAuthenticationProvider. If the current configuration is intentional, to turn off this warning, increase the logging level of 'org.springframework.security.config.annotation.authentication.configuration.InitializeUserDetailsBeanManagerConfigurer' to ERROR
2025-11-13T21:39:47.187+02:00  WARN 8037 --- [           main] JpaBaseConfiguration$JpaWebConfiguration : spring.jpa.open-in-view is enabled by default. Therefore, database queries may be performed during view rendering. Explicitly configure spring.jpa.open-in-view to disable this warning
2025-11-13T21:39:47.221+02:00  INFO 8037 --- [           main] M.integration.TokenServiceTest           : Started TokenServiceTest in 0.129 seconds (process running for 5.592)
Hibernate: delete from refresh_token
Hibernate: delete from user_token
Hibernate: delete from users
Hibernate: insert into users (created_at,email,login,password,password_salt,phone_number,role,status,updated_at,id) values (?,?,?,?,?,?,?,?,?,?)
Hibernate: select ut1_0.id,ut1_0.created_at,ut1_0.email,ut1_0.login,ut1_0.password,ut1_0.password_salt,ut1_0.phone_number,ut1_0.role,ut1_0.status,ut1_0.updated_at from users ut1_0 where ut1_0.login=?
Hibernate: select ut1_0.id,ut1_0.created_at,ut1_0.email,ut1_0.login,ut1_0.password,ut1_0.password_salt,ut1_0.phone_number,ut1_0.role,ut1_0.status,ut1_0.updated_at from users ut1_0 where ut1_0.id=?
Hibernate: insert into user_token (created_at,is_expired,is_valid,status,token,updated_at,user_id,id) values (?,?,?,?,?,?,?,?)
Hibernate: select utt1_0.id,utt1_0.created_at,utt1_0.is_expired,utt1_0.is_valid,utt1_0.status,utt1_0.token,utt1_0.updated_at,utt1_0.user_id,u1_0.id,u1_0.created_at,u1_0.email,u1_0.login,u1_0.password,u1_0.password_salt,u1_0.phone_number,u1_0.role,u1_0.status,u1_0.updated_at from user_token utt1_0 join users u1_0 on u1_0.id=utt1_0.user_id where utt1_0.id=?
Hibernate: insert into refresh_token (created_at,expired_at,revoked,token,updated_at,user_token_id,id) values (?,?,?,?,?,?,?)
Access: eyJhbGciOiJIUzI1NiJ9.eyJzdWIiOiJ0ZXN0dXNlciIsInVzZXJfaWQiOiJlYThkYWIwYy0zMGRkLTQ4ZWYtOTc0Ni1lZjI1ODU2NDUwMzMiLCJpYXQiOjE3NjMwNjI3ODcsImV4cCI6MTc2MzA2MzA4N30.fE_T_6CwLMkJ04ehVfnxiwEeBUNzxO1Nw6UbLRI7ric
Refresh: Fs14KYmTZdkRkIuE2KzTfELfJRqTnDU3QwgmMbsTLEM
]]></system-out>
  </testcase>
</testsuite>