<?xml version="1.0" encoding="UTF-8"?>
<testsuite xmlns:xsi="http://www.w3.org/2001/XMLSchema-instance" xsi:noNamespaceSchemaLocation="https://maven.apache.org/surefire/maven-surefire-plugin/xsd/surefire-test-report-3.0.xsd" version="3.0" name="MaslyakBank_Core.integration.UserServiceTest" time="3.532" tests="1" errors="0" skipped="0" failures="0">
  <properties>
[...]
</properties>
  <testcase name="registerUser_shouldSaveUserInDatabase" classname="MaslyakBank_Core.integration.UserServiceTest" time="0.133">
    <system-out><![CDATA[21:39:35.172 [main] INFO org.springframework.boot.devtools.restart.RestartApplicationListener -- Restart disabled due to context in which it is running

  .   ____          _            __ _ _
 /\\ / ___'_ __ _ _(_)_ __  __ _ \ \ \ \
( ( )\___ | '_ | '_| | '_ \/ _` | \ \ \ \
 \\/  ___)| |_)| | | | | || (_| |  ) ) ) )
  '  |____| .__|_| |_|_| |_\__, | / / / /
 =========|_|==============|___/=/_/_/_/

 :: Spring Boot ::                (v3.4.5)

2025-11-13T21:39:35.321+02:00  INFO 8001 --- [           main] M.integration.UserServiceTest            : Starting UserServiceTest using Java 21.0.7 with PID 8001 (started by maslyak in /Users/maslyak/IdeaProjects/MaslyakBank_Mono1/MaslyakBank_Core)
2025-11-13T21:39:35.321+02:00  INFO 8001 --- [           main] M.integration.UserServiceTest            : The following 1 profile is active: "test"
2025-11-13T21:39:35.862+02:00  INFO 8001 --- [           main] .s.d.r.c.RepositoryConfigurationDelegate : Multiple Spring Data modules found, entering strict repository configuration mode
2025-11-13T21:39:35.862+02:00  INFO 8001 --- [           main] .s.d.r.c.RepositoryConfigurationDelegate : Bootstrapping Spring Data JPA repositories in DEFAULT mode.
2025-11-13T21:39:35.943+02:00  INFO 8001 --- [           main] .s.d.r.c.RepositoryConfigurationDelegate : Finished Spring Data repository scanning in 75 ms. Found 1 JPA repository interface.
2025-11-13T21:39:35.950+02:00  INFO 8001 --- [           main] .s.d.r.c.RepositoryConfigurationDelegate : Multiple Spring Data modules found, entering strict repository configuration mode
2025-11-13T21:39:35.951+02:00  INFO 8001 --- [           main] .s.d.r.c.RepositoryConfigurationDelegate : Bootstrapping Spring Data Redis repositories in DEFAULT mode.
2025-11-13T21:39:35.960+02:00  INFO 8001 --- [           main] .RepositoryConfigurationExtensionSupport : Spring Data Redis - Could not safely identify store assignment for repository candidate interface MaslyakBank_Core.dao.UserFilterRepository; If you want this repository to be a Redis repository, consider annotating your entities with one of these annotations: org.springframework.data.redis.core.RedisHash (preferred), or consider extending one of the following types with your repository: org.springframework.data.keyvalue.repository.KeyValueRepository
2025-11-13T21:39:35.960+02:00  INFO 8001 --- [           main] .s.d.r.c.RepositoryConfigurationDelegate : Finished Spring Data repository scanning in 2 ms. Found 0 Redis repository interfaces.
2025-11-13T21:39:36.276+02:00  INFO 8001 --- [           main] o.hibernate.jpa.internal.util.LogHelper  : HHH000204: Processing PersistenceUnitInfo [name: default]
2025-11-13T21:39:36.310+02:00  INFO 8001 --- [           main] org.hibernate.Version                    : HHH000412: Hibernate ORM core version 6.4.4.Final
2025-11-13T21:39:36.327+02:00  INFO 8001 --- [           main] o.h.c.internal.RegionFactoryInitiator    : HHH000026: Second-level cache disabled
2025-11-13T21:39:36.373+02:00  INFO 8001 --- [           main] o.h.e.boot.internal.EnversServiceImpl    : Envers integration enabled? : true
2025-11-13T21:39:36.423+02:00  INFO 8001 --- [           main] o.s.o.j.p.SpringPersistenceUnitInfo      : No LoadTimeWeaver setup: ignoring JPA class transformer
2025-11-13T21:39:36.583+02:00  WARN 8001 --- [           main] org.hibernate.orm.deprecation            : HHH90000025: H2Dialect does not need to be specified explicitly using 'hibernate.dialect' (remove the property setting and it will be selected by default)
2025-11-13T21:39:37.014+02:00  INFO 8001 --- [           main] o.h.e.t.j.p.i.JtaPlatformInitiator       : HHH000489: No JTA platform available (set 'hibernate.transaction.jta.platform' to enable JTA platform integration)
Hibernate: drop table if exists accounts cascade 
Hibernate: drop table if exists cards cascade 
Hibernate: drop table if exists profiles cascade 
Hibernate: drop table if exists refresh_token cascade 
Hibernate: drop table if exists user_token cascade 
Hibernate: drop table if exists users cascade 
Hibernate: create table accounts (balance float(53), currency varchar(3) not null check (currency in ('UAH','USD','EUR')), is_blocked boolean not null, created_at timestamp(6) not null, updated_at timestamp(6) not null, id uuid not null, user_id uuid not null, account_number varchar(29) not null unique, status varchar(255) not null check (status in ('OPENED','CURRENT','DISABLED')), primary key (id))
Hibernate: create table cards (card_type tinyint not null check (card_type between 0 and 1), cvv varchar(3) not null, expiry_date date not null, is_blocked boolean not null, is_expired boolean not null, created_at timestamp(6) not null, updated_at timestamp(6) not null, account_id uuid not null, id uuid not null, card_number varchar(19) not null unique, primary key (id))
Hibernate: create table profiles (is_completed boolean, birth_day timestamp(6), created_at timestamp(6), updated_at timestamp(6), id uuid not null, user_id uuid unique, avatar_url varchar(255), bio varchar(255), city varchar(255), first_name varchar(255), last_name varchar(255), primary key (id))
Hibernate: create table refresh_token (revoked boolean, created_at timestamp(6), expired_at timestamp(6), updated_at timestamp(6), id uuid not null, user_token_id uuid not null unique, token varchar(255) not null unique, primary key (id))
Hibernate: create table user_token (is_expired boolean, is_valid boolean, created_at timestamp(6), updated_at timestamp(6), id uuid not null, user_id uuid not null, status varchar(255) check (status in ('ACTIVE','BLOCKED','EXPIRED')), token varchar(255) not null, primary key (id))
Hibernate: create table users (created_at timestamp(6), updated_at timestamp(6), id uuid not null, phone_number varchar(20), email varchar(255), login varchar(255), password varchar(255), password_salt varchar(255), role varchar(255) check (role in ('USER','ADMIN','SUPER_ADMIN')), status varchar(255) check (status in ('REGISTERED','PARTIALLY_COMPLETED','COMPLETED','BLOCKED','DELETED')), primary key (id))
Hibernate: alter table if exists accounts add constraint FKnjuop33mo69pd79ctplkck40n foreign key (user_id) references users
Hibernate: alter table if exists cards add constraint FKdjw7dinkpc0f01yk4m57uq2u2 foreign key (account_id) references accounts
Hibernate: alter table if exists profiles add constraint FK410q61iev7klncmpqfuo85ivh foreign key (user_id) references users
Hibernate: alter table if exists refresh_token add constraint FKoyms15idvn7lycr08dgfh48jj foreign key (user_token_id) references user_token
Hibernate: alter table if exists user_token add constraint FKfadr8tg4d19axmfe9fltvrmqt foreign key (user_id) references users
2025-11-13T21:39:37.049+02:00  INFO 8001 --- [           main] j.LocalContainerEntityManagerFactoryBean : Initialized JPA EntityManagerFactory for persistence unit 'default'
2025-11-13T21:39:37.460+02:00  WARN 8001 --- [           main] JpaBaseConfiguration$JpaWebConfiguration : spring.jpa.open-in-view is enabled by default. Therefore, database queries may be performed during view rendering. Explicitly configure spring.jpa.open-in-view to disable this warning
2025-11-13T21:39:37.488+02:00  INFO 8001 --- [           main] eAuthenticationProviderManagerConfigurer : Global AuthenticationManager configured with AuthenticationProvider bean with name authenticationProvider
2025-11-13T21:39:37.489+02:00  WARN 8001 --- [           main] r$InitializeUserDetailsManagerConfigurer : Global AuthenticationManager configured with an AuthenticationProvider bean. UserDetailsService beans will not be used by Spring Security for automatically configuring username/password login. Consider removing the AuthenticationProvider bean. Alternatively, consider using the UserDetailsService in a manually instantiated DaoAuthenticationProvider. If the current configuration is intentional, to turn off this warning, increase the logging level of 'org.springframework.security.config.annotation.authentication.configuration.InitializeUserDetailsBeanManagerConfigurer' to ERROR
2025-11-13T21:39:37.760+02:00  INFO 8001 --- [           main] o.s.b.a.e.web.EndpointLinksResolver      : Exposing 14 endpoints beneath base path '/actuator'
2025-11-13T21:39:38.066+02:00  INFO 8001 --- [           main] M.integration.UserServiceTest            : Started UserServiceTest in 2.899 seconds (process running for 4.441)
Hibernate: select ut1_0.id,ut1_0.created_at,ut1_0.email,ut1_0.login,ut1_0.password,ut1_0.password_salt,ut1_0.phone_number,ut1_0.role,ut1_0.status,ut1_0.updated_at from users ut1_0 where ut1_0.login=?
Hibernate: insert into users (created_at,email,login,password,password_salt,phone_number,role,status,updated_at,id) values (?,?,?,?,?,?,?,?,?,?)
SUPER_ADMIN created
Hibernate: insert into users (created_at,email,login,password,password_salt,phone_number,role,status,updated_at,id) values (?,?,?,?,?,?,?,?,?,?)
Hibernate: select ut1_0.id,ut1_0.created_at,ut1_0.email,ut1_0.login,ut1_0.password,ut1_0.password_salt,ut1_0.phone_number,ut1_0.role,ut1_0.status,ut1_0.updated_at from users ut1_0 where ut1_0.login=?
]]></system-out>
  </testcase>
</testsuite>